<?xml version="1.0" encoding="UTF-8"?>
<!-- Generated by org.testng.reporters.JUnitXMLReporter -->
<testsuite hostname="DESKTOP-V44DFGB" ignored="0" name="Default test" tests="10" failures="0" timestamp="26 Nov 2019 05:42:35 GMT" time="4.815" errors="0">
  <testcase name="authorizationUserFullNameReposVerification" time="1.989" classname="githubAPItests.Test1"/>
  <testcase name="authorizedUserStatusCodeVerification" time="0.396" classname="githubAPItests.Test1"/>
  <testcase name="authorizeduUserGivenFirstPageAndOnePerPageOwnerIDVerificationByUsingParamater" time="0.318" classname="githubAPItests.Test1"/>
  <testcase name="authorizeduUserGivenFirstPageAndOnePerPageOwnerLoginVerificationByUsingParamater" time="0.339" classname="githubAPItests.Test1"/>
  <testcase name="authorizeduUserGivenSecondPageItwillreturnZeroRepoObjectVerificationByUsingParamater" time="0.297" classname="githubAPItests.Test1"/>
  <testcase name="authorizeduUserGivenfirstPageandFourPerPageItwillreturnFourRepoObjectVerifiationByUsingParamaters" time="0.363" classname="githubAPItests.Test1"/>
  <testcase name="authorizeduUserGivenfirstPageandOnePerPageItwillreturnOneRepoObjectVerificationByUsingParamaters" time="0.3" classname="githubAPItests.Test1"/>
  <testcase name="unauthorizedUserAttamptMessageVerificationVerification" time="0.243" classname="githubAPItests.Test1"/>
  <testcase name="unauthorizedUserAttamptStatusCodeVerification" time="0.253" classname="githubAPItests.Test1"/>
  <testcase name="unauthorizedUserAttamptdocumentation_urlVerificationVerification" time="0.244" classname="githubAPItests.Test1"/>
</testsuite> <!-- Default test -->
