<?xml version="1.0" encoding="UTF-8"?>
<!-- Generated by org.testng.reporters.JUnitXMLReporter -->
<testsuite hostname="DESKTOP-V44DFGB" ignored="0" name="Default test" tests="10" failures="0" timestamp="25 Nov 2019 01:16:39 GMT" time="4.858" errors="0">
  <testcase name="authorizationUserFullNameReposVerification" time="2.022" classname="githubAPItests.Test1"/>
  <testcase name="authorizedUserStatusCodeVerification" time="0.411" classname="githubAPItests.Test1"/>
  <testcase name="authorizeduUserGivenFirstPageAndOnePerPageOwnerIDVerificationByUsingParamater" time="0.335" classname="githubAPItests.Test1"/>
  <testcase name="authorizeduUserGivenFirstPageAndOnePerPageOwnerLoginVerificationByUsingParamater" time="0.325" classname="githubAPItests.Test1"/>
  <testcase name="authorizeduUserGivenSecondPageItwillreturnZeroRepoObjectVerificationByUsingParamater" time="0.277" classname="githubAPItests.Test1"/>
  <testcase name="authorizeduUserGivenfirstPageandFourPerPageItwillreturnFourRepoObjectVerifiationByUsingParamaters" time="0.323" classname="githubAPItests.Test1"/>
  <testcase name="authorizeduUserGivenfirstPageandOnePerPageItwillreturnOneRepoObjectVerificationByUsingParamaters" time="0.333" classname="githubAPItests.Test1"/>
  <testcase name="unauthorizedUserAttamptMessageVerificationVerification" time="0.27" classname="githubAPItests.Test1"/>
  <testcase name="unauthorizedUserAttamptStatusCodeVerification" time="0.241" classname="githubAPItests.Test1"/>
  <testcase name="unauthorizedUserAttamptdocumentation_urlVerificationVerification" time="0.249" classname="githubAPItests.Test1"/>
</testsuite> <!-- Default test -->
