<?xml version="1.0" encoding="UTF-8"?>
<testng-results skipped="0" failed="0" ignored="0" total="10" passed="10">
  <reporter-output>
  </reporter-output>
  <suite name="Default suite" duration-ms="7229" started-at="2019-11-25T18:48:42Z" finished-at="2019-11-25T18:48:49Z">
    <groups>
    </groups>
    <test name="Default test" duration-ms="7229" started-at="2019-11-25T18:48:42Z" finished-at="2019-11-25T18:48:49Z">
      <class name="githubAPItests.Test1">
        <test-method status="PASS" signature="setup()[pri:0, instance:githubAPItests.Test1@625732]" name="setup" is-config="true" duration-ms="28" started-at="2019-11-25T18:48:42Z" finished-at="2019-11-25T18:48:42Z">
          <reporter-output>
          </reporter-output>
        </test-method> <!-- setup -->
        <test-method status="PASS" signature="authorizationUserFullNameReposVerification()[pri:0, instance:githubAPItests.Test1@625732]" name="authorizationUserFullNameReposVerification" duration-ms="4212" started-at="2019-11-25T18:48:42Z" finished-at="2019-11-25T18:48:46Z">
          <reporter-output>
          </reporter-output>
        </test-method> <!-- authorizationUserFullNameReposVerification -->
        <test-method status="PASS" signature="setup()[pri:0, instance:githubAPItests.Test1@625732]" name="setup" is-config="true" duration-ms="1" started-at="2019-11-25T18:48:46Z" finished-at="2019-11-25T18:48:46Z">
          <reporter-output>
          </reporter-output>
        </test-method> <!-- setup -->
        <test-method status="PASS" signature="authorizedUserStatusCodeVerification()[pri:0, instance:githubAPItests.Test1@625732]" name="authorizedUserStatusCodeVerification" duration-ms="582" started-at="2019-11-25T18:48:46Z" finished-at="2019-11-25T18:48:47Z">
          <reporter-output>
          </reporter-output>
        </test-method> <!-- authorizedUserStatusCodeVerification -->
        <test-method status="PASS" signature="authorizeduUserGivenFirstPageAndOnePerPageOwnerIDVerificationByUsingParamater()[pri:0, instance:githubAPItests.Test1@625732]" name="authorizeduUserGivenFirstPageAndOnePerPageOwnerIDVerificationByUsingParamater" duration-ms="321" started-at="2019-11-25T18:48:47Z" finished-at="2019-11-25T18:48:47Z">
          <reporter-output>
          </reporter-output>
        </test-method> <!-- authorizeduUserGivenFirstPageAndOnePerPageOwnerIDVerificationByUsingParamater -->
        <test-method status="PASS" signature="setup()[pri:0, instance:githubAPItests.Test1@625732]" name="setup" is-config="true" duration-ms="0" started-at="2019-11-25T18:48:47Z" finished-at="2019-11-25T18:48:47Z">
          <reporter-output>
          </reporter-output>
        </test-method> <!-- setup -->
        <test-method status="PASS" signature="setup()[pri:0, instance:githubAPItests.Test1@625732]" name="setup" is-config="true" duration-ms="1" started-at="2019-11-25T18:48:47Z" finished-at="2019-11-25T18:48:47Z">
          <reporter-output>
          </reporter-output>
        </test-method> <!-- setup -->
        <test-method status="PASS" signature="authorizeduUserGivenFirstPageAndOnePerPageOwnerLoginVerificationByUsingParamater()[pri:0, instance:githubAPItests.Test1@625732]" name="authorizeduUserGivenFirstPageAndOnePerPageOwnerLoginVerificationByUsingParamater" duration-ms="314" started-at="2019-11-25T18:48:47Z" finished-at="2019-11-25T18:48:48Z">
          <reporter-output>
          </reporter-output>
        </test-method> <!-- authorizeduUserGivenFirstPageAndOnePerPageOwnerLoginVerificationByUsingParamater -->
        <test-method status="PASS" signature="authorizeduUserGivenSecondPageItwillreturnZeroRepoObjectVerificationByUsingParamater()[pri:0, instance:githubAPItests.Test1@625732]" name="authorizeduUserGivenSecondPageItwillreturnZeroRepoObjectVerificationByUsingParamater" duration-ms="277" started-at="2019-11-25T18:48:48Z" finished-at="2019-11-25T18:48:48Z">
          <reporter-output>
          </reporter-output>
        </test-method> <!-- authorizeduUserGivenSecondPageItwillreturnZeroRepoObjectVerificationByUsingParamater -->
        <test-method status="PASS" signature="setup()[pri:0, instance:githubAPItests.Test1@625732]" name="setup" is-config="true" duration-ms="0" started-at="2019-11-25T18:48:48Z" finished-at="2019-11-25T18:48:48Z">
          <reporter-output>
          </reporter-output>
        </test-method> <!-- setup -->
        <test-method status="PASS" signature="setup()[pri:0, instance:githubAPItests.Test1@625732]" name="setup" is-config="true" duration-ms="0" started-at="2019-11-25T18:48:48Z" finished-at="2019-11-25T18:48:48Z">
          <reporter-output>
          </reporter-output>
        </test-method> <!-- setup -->
        <test-method status="PASS" signature="authorizeduUserGivenfirstPageandFourPerPageItwillreturnFourRepoObjectVerifiationByUsingParamaters()[pri:0, instance:githubAPItests.Test1@625732]" name="authorizeduUserGivenfirstPageandFourPerPageItwillreturnFourRepoObjectVerifiationByUsingParamaters" duration-ms="337" started-at="2019-11-25T18:48:48Z" finished-at="2019-11-25T18:48:48Z">
          <reporter-output>
          </reporter-output>
        </test-method> <!-- authorizeduUserGivenfirstPageandFourPerPageItwillreturnFourRepoObjectVerifiationByUsingParamaters -->
        <test-method status="PASS" signature="setup()[pri:0, instance:githubAPItests.Test1@625732]" name="setup" is-config="true" duration-ms="1" started-at="2019-11-25T18:48:48Z" finished-at="2019-11-25T18:48:48Z">
          <reporter-output>
          </reporter-output>
        </test-method> <!-- setup -->
        <test-method status="PASS" signature="authorizeduUserGivenfirstPageandOnePerPageItwillreturnOneRepoObjectVerificationByUsingParamaters()[pri:0, instance:githubAPItests.Test1@625732]" name="authorizeduUserGivenfirstPageandOnePerPageItwillreturnOneRepoObjectVerificationByUsingParamaters" duration-ms="323" started-at="2019-11-25T18:48:48Z" finished-at="2019-11-25T18:48:49Z">
          <reporter-output>
          </reporter-output>
        </test-method> <!-- authorizeduUserGivenfirstPageandOnePerPageItwillreturnOneRepoObjectVerificationByUsingParamaters -->
        <test-method status="PASS" signature="setup()[pri:0, instance:githubAPItests.Test1@625732]" name="setup" is-config="true" duration-ms="1" started-at="2019-11-25T18:48:49Z" finished-at="2019-11-25T18:48:49Z">
          <reporter-output>
          </reporter-output>
        </test-method> <!-- setup -->
        <test-method status="PASS" signature="unauthorizedUserAttamptMessageVerificationVerification()[pri:0, instance:githubAPItests.Test1@625732]" name="unauthorizedUserAttamptMessageVerificationVerification" duration-ms="250" started-at="2019-11-25T18:48:49Z" finished-at="2019-11-25T18:48:49Z">
          <reporter-output>
          </reporter-output>
        </test-method> <!-- unauthorizedUserAttamptMessageVerificationVerification -->
        <test-method status="PASS" signature="setup()[pri:0, instance:githubAPItests.Test1@625732]" name="setup" is-config="true" duration-ms="1" started-at="2019-11-25T18:48:49Z" finished-at="2019-11-25T18:48:49Z">
          <reporter-output>
          </reporter-output>
        </test-method> <!-- setup -->
        <test-method status="PASS" signature="unauthorizedUserAttamptStatusCodeVerification()[pri:0, instance:githubAPItests.Test1@625732]" name="unauthorizedUserAttamptStatusCodeVerification" duration-ms="231" started-at="2019-11-25T18:48:49Z" finished-at="2019-11-25T18:48:49Z">
          <reporter-output>
          </reporter-output>
        </test-method> <!-- unauthorizedUserAttamptStatusCodeVerification -->
        <test-method status="PASS" signature="setup()[pri:0, instance:githubAPItests.Test1@625732]" name="setup" is-config="true" duration-ms="0" started-at="2019-11-25T18:48:49Z" finished-at="2019-11-25T18:48:49Z">
          <reporter-output>
          </reporter-output>
        </test-method> <!-- setup -->
        <test-method status="PASS" signature="unauthorizedUserAttamptdocumentation_urlVerificationVerification()[pri:0, instance:githubAPItests.Test1@625732]" name="unauthorizedUserAttamptdocumentation_urlVerificationVerification" duration-ms="228" started-at="2019-11-25T18:48:49Z" finished-at="2019-11-25T18:48:49Z">
          <reporter-output>
          </reporter-output>
        </test-method> <!-- unauthorizedUserAttamptdocumentation_urlVerificationVerification -->
      </class> <!-- githubAPItests.Test1 -->
    </test> <!-- Default test -->
  </suite> <!-- Default suite -->
</testng-results>
